app/build/intermediates/manifest_merge_blame_file/debug/processDebugMainManifest/manifest-merger-blame-debug-report.txt
1<?xml version="1.0" encoding="utf-8"?>
2<manifest xmlns:android="http://schemas.android.com/apk/res/android"
3    package="com.example.doctorapp"
4    android:versionCode="1"
5    android:versionName="1.0" >
6
7    <uses-sdk
8        android:minSdkVersion="24"
9        android:targetSdkVersion="34" />
10
11    <uses-permission android:name="android.permission.INTERNET" />
11-->src\main\AndroidManifest.xml:4:5-67
11-->src\main\AndroidManifest.xml:4:22-64
12    <uses-permission android:name="android.permission.ACCESS_NETWORK_STATE" />
12-->src\main\AndroidManifest.xml:5:5-79
12-->src\main\AndroidManifest.xml:5:22-76
13
14    <permission
14-->[androidx.core:core:1.18.0] AndroidManifest.xml:22:5-24:47
15        android:name="com.example.doctorapp.DYNAMIC_RECEIVER_NOT_EXPORTED_PERMISSION"
15-->[androidx.core:core:1.18.0] AndroidManifest.xml:23:9-81
16        android:protectionLevel="signature" />
16-->[androidx.core:core:1.18.0] AndroidManifest.xml:24:9-44
17
18    <uses-permission android:name="com.example.doctorapp.DYNAMIC_RECEIVER_NOT_EXPORTED_PERMISSION" />
18-->[androidx.core:core:1.18.0] AndroidManifest.xml:26:5-97
18-->[androidx.core:core:1.18.0] AndroidManifest.xml:26:22-94
19
20    <application
20-->src\main\AndroidManifest.xml:7:5-43:19
21        android:name="com.example.doctorapp.MyApplication"
21-->src\main\AndroidManifest.xml:8:9-38
22        android:allowBackup="true"
22-->src\main\AndroidManifest.xml:9:9-35
23        android:appComponentFactory="androidx.core.app.CoreComponentFactory"
23-->[androidx.core:core:1.18.0] AndroidManifest.xml:28:18-86
24        android:debuggable="true"
25        android:extractNativeLibs="false"
26        android:icon="@drawable/ic_placeholder_doctor"
26-->src\main\AndroidManifest.xml:10:9-55
27        android:label="@string/app_name"
27-->src\main\AndroidManifest.xml:11:9-41
28        android:testOnly="true"
29        android:theme="@style/Theme.DoctorApp"
29-->src\main\AndroidManifest.xml:12:9-47
30        android:usesCleartextTraffic="false" >
30-->src\main\AndroidManifest.xml:13:9-45
31        <activity
31-->src\main\AndroidManifest.xml:15:9-22:20
32            android:name="com.example.doctorapp.ui.splash.SplashActivity"
32-->src\main\AndroidManifest.xml:15:19-59
33            android:exported="true"
33-->src\main\AndroidManifest.xml:16:13-36
34            android:theme="@style/Theme.DoctorApp.Splash" >
34-->src\main\AndroidManifest.xml:17:13-58
35            <intent-filter>
35-->src\main\AndroidManifest.xml:18:13-21:29
36                <action android:name="android.intent.action.MAIN" />
36-->src\main\AndroidManifest.xml:19:17-69
36-->src\main\AndroidManifest.xml:19:25-66
37
38                <category android:name="android.intent.category.LAUNCHER" />
38-->src\main\AndroidManifest.xml:20:17-77
38-->src\main\AndroidManifest.xml:20:27-74
39            </intent-filter>
40        </activity>
41        <activity
41-->src\main\AndroidManifest.xml:24:9-84
42            android:name="com.example.doctorapp.ui.auth.LoginActivity"
42-->src\main\AndroidManifest.xml:24:19-56
43            android:exported="false" />
43-->src\main\AndroidManifest.xml:24:57-81
44        <activity
44-->src\main\AndroidManifest.xml:25:9-87
45            android:name="com.example.doctorapp.ui.auth.RegisterActivity"
45-->src\main\AndroidManifest.xml:25:19-59
46            android:exported="false" />
46-->src\main\AndroidManifest.xml:25:60-84
47        <activity
47-->src\main\AndroidManifest.xml:26:9-93
48            android:name="com.example.doctorapp.ui.auth.ForgotPasswordActivity"
48-->src\main\AndroidManifest.xml:26:19-65
49            android:exported="false" />
49-->src\main\AndroidManifest.xml:26:66-90
50        <activity
50-->src\main\AndroidManifest.xml:28:9-83
51            android:name="com.example.doctorapp.ui.main.MainActivity"
51-->src\main\AndroidManifest.xml:28:19-55
52            android:exported="false" />
52-->src\main\AndroidManifest.xml:28:56-80
53        <activity
53-->src\main\AndroidManifest.xml:30:9-92
54            android:name="com.example.doctorapp.ui.doctor.DoctorsHomeActivity"
54-->src\main\AndroidManifest.xml:30:19-64
55            android:exported="false" />
55-->src\main\AndroidManifest.xml:30:65-89
56        <activity
56-->src\main\AndroidManifest.xml:31:9-97
57            android:name="com.example.doctorapp.ui.doctor.DoctorCategoriesActivity"
57-->src\main\AndroidManifest.xml:31:19-69
58            android:exported="false" />
58-->src\main\AndroidManifest.xml:31:70-94
59        <activity
59-->src\main\AndroidManifest.xml:32:9-91
60            android:name="com.example.doctorapp.ui.doctor.DoctorListActivity"
60-->src\main\AndroidManifest.xml:32:19-63
61            android:exported="false" />
61-->src\main\AndroidManifest.xml:32:64-88
62        <activity
62-->src\main\AndroidManifest.xml:33:9-94
63            android:name="com.example.doctorapp.ui.doctor.DoctorProfileActivity"
63-->src\main\AndroidManifest.xml:33:19-66
64            android:exported="false" />
64-->src\main\AndroidManifest.xml:33:67-91
65        <activity
65-->src\main\AndroidManifest.xml:35:9-104
66            android:name="com.example.doctorapp.ui.appointment.AppointmentBookingActivity"
66-->src\main\AndroidManifest.xml:35:19-76
67            android:exported="false" />
67-->src\main\AndroidManifest.xml:35:77-101
68        <activity
68-->src\main\AndroidManifest.xml:36:9-104
69            android:name="com.example.doctorapp.ui.appointment.AppointmentHistoryActivity"
69-->src\main\AndroidManifest.xml:36:19-76
70            android:exported="false" />
70-->src\main\AndroidManifest.xml:36:77-101
71        <activity
71-->src\main\AndroidManifest.xml:38:9-96
72            android:name="com.example.doctorapp.ui.records.MedicalRecordsActivity"
72-->src\main\AndroidManifest.xml:38:19-68
73            android:exported="false" />
73-->src\main\AndroidManifest.xml:38:69-93
74        <activity
74-->src\main\AndroidManifest.xml:39:9-101
75            android:name="com.example.doctorapp.ui.notifications.NotificationsActivity"
75-->src\main\AndroidManifest.xml:39:19-73
76            android:exported="false" />
76-->src\main\AndroidManifest.xml:39:74-98
77        <activity
77-->src\main\AndroidManifest.xml:40:9-89
78            android:name="com.example.doctorapp.ui.profile.ProfileActivity"
78-->src\main\AndroidManifest.xml:40:19-61
79            android:exported="false" />
79-->src\main\AndroidManifest.xml:40:62-86
80        <activity
80-->src\main\AndroidManifest.xml:41:9-89
81            android:name="com.example.doctorapp.ui.reviews.ReviewsActivity"
81-->src\main\AndroidManifest.xml:41:19-61
82            android:exported="false" />
82-->src\main\AndroidManifest.xml:41:62-86
83
84        <provider
84-->[androidx.emoji2:emoji2:1.3.0] AndroidManifest.xml:24:9-32:20
85            android:name="androidx.startup.InitializationProvider"
85-->[androidx.emoji2:emoji2:1.3.0] AndroidManifest.xml:25:13-67
86            android:authorities="com.example.doctorapp.androidx-startup"
86-->[androidx.emoji2:emoji2:1.3.0] AndroidManifest.xml:26:13-68
87            android:exported="false" >
87-->[androidx.emoji2:emoji2:1.3.0] AndroidManifest.xml:27:13-37
88            <meta-data
88-->[androidx.emoji2:emoji2:1.3.0] AndroidManifest.xml:29:13-31:52
89                android:name="androidx.emoji2.text.EmojiCompatInitializer"
89-->[androidx.emoji2:emoji2:1.3.0] AndroidManifest.xml:30:17-75
90                android:value="androidx.startup" />
90-->[androidx.emoji2:emoji2:1.3.0] AndroidManifest.xml:31:17-49
91            <meta-data
91-->[androidx.lifecycle:lifecycle-process:2.6.2] AndroidManifest.xml:29:13-31:52
92                android:name="androidx.lifecycle.ProcessLifecycleInitializer"
92-->[androidx.lifecycle:lifecycle-process:2.6.2] AndroidManifest.xml:30:17-78
93                android:value="androidx.startup" />
93-->[androidx.lifecycle:lifecycle-process:2.6.2] AndroidManifest.xml:31:17-49
94            <meta-data
94-->[com.squareup.okhttp3:okhttp-android:5.4.0] AndroidManifest.xml:16:13-18:52
95                android:name="okhttp3.internal.platform.PlatformInitializer"
95-->[com.squareup.okhttp3:okhttp-android:5.4.0] AndroidManifest.xml:17:17-77
96                android:value="androidx.startup" />
96-->[com.squareup.okhttp3:okhttp-android:5.4.0] AndroidManifest.xml:18:17-49
97            <meta-data
97-->[androidx.profileinstaller:profileinstaller:1.4.0] AndroidManifest.xml:29:13-31:52
98                android:name="androidx.profileinstaller.ProfileInstallerInitializer"
98-->[androidx.profileinstaller:profileinstaller:1.4.0] AndroidManifest.xml:30:17-85
99                android:value="androidx.startup" />
99-->[androidx.profileinstaller:profileinstaller:1.4.0] AndroidManifest.xml:31:17-49
100        </provider>
101
102        <receiver
102-->[androidx.profileinstaller:profileinstaller:1.4.0] AndroidManifest.xml:34:9-52:20
103            android:name="androidx.profileinstaller.ProfileInstallReceiver"
103-->[androidx.profileinstaller:profileinstaller:1.4.0] AndroidManifest.xml:35:13-76
104            android:directBootAware="false"
104-->[androidx.profileinstaller:profileinstaller:1.4.0] AndroidManifest.xml:36:13-44
105            android:enabled="true"
105-->[androidx.profileinstaller:profileinstaller:1.4.0] AndroidManifest.xml:37:13-35
106            android:exported="true"
106-->[androidx.profileinstaller:profileinstaller:1.4.0] AndroidManifest.xml:38:13-36
107            android:permission="android.permission.DUMP" >
107-->[androidx.profileinstaller:profileinstaller:1.4.0] AndroidManifest.xml:39:13-57
108            <intent-filter>
108-->[androidx.profileinstaller:profileinstaller:1.4.0] AndroidManifest.xml:40:13-42:29
109                <action android:name="androidx.profileinstaller.action.INSTALL_PROFILE" />
109-->[androidx.profileinstaller:profileinstaller:1.4.0] AndroidManifest.xml:41:17-91
109-->[androidx.profileinstaller:profileinstaller:1.4.0] AndroidManifest.xml:41:25-88
110            </intent-filter>
111            <intent-filter>
111-->[androidx.profileinstaller:profileinstaller:1.4.0] AndroidManifest.xml:43:13-45:29
112                <action android:name="androidx.profileinstaller.action.SKIP_FILE" />
112-->[androidx.profileinstaller:profileinstaller:1.4.0] AndroidManifest.xml:44:17-85
112-->[androidx.profileinstaller:profileinstaller:1.4.0] AndroidManifest.xml:44:25-82
113            </intent-filter>
114            <intent-filter>
114-->[androidx.profileinstaller:profileinstaller:1.4.0] AndroidManifest.xml:46:13-48:29
115                <action android:name="androidx.profileinstaller.action.SAVE_PROFILE" />
115-->[androidx.profileinstaller:profileinstaller:1.4.0] AndroidManifest.xml:47:17-88
115-->[androidx.profileinstaller:profileinstaller:1.4.0] AndroidManifest.xml:47:25-85
116            </intent-filter>
117            <intent-filter>
117-->[androidx.profileinstaller:profileinstaller:1.4.0] AndroidManifest.xml:49:13-51:29
118                <action android:name="androidx.profileinstaller.action.BENCHMARK_OPERATION" />
118-->[androidx.profileinstaller:profileinstaller:1.4.0] AndroidManifest.xml:50:17-95
118-->[androidx.profileinstaller:profileinstaller:1.4.0] AndroidManifest.xml:50:25-92
119            </intent-filter>
120        </receiver>
121    </application>
122
123</manifest>